Script started on Wed 03 Nov 2021 03:20:25 PM CDT
$ pr -n -t -e4 Student.h Student.cpp student_main.cpp
    1	#ifndef student_h
    2	#define student_h
    3	
    4	#include <string>
    5	using namespace std;
    6	
    7	class Student
    8	{
    9	    private:
   10	        string name;
   11	        int id;
   12	        double *scores;
   13	        int numScores = 3;
   14	    public:
   15	        Student(); // default constructor
   16	        Student(string name, int id); // constructor with parameters
   17	        Student(const Student &obj); // copy constructor
   18	        ~Student(); // destructor;
   19	        void displayInfo();
   20	        void setStudent(string name, int id);
   21	        void createScoresArray();
   22	};
   23	
   24	#endif
    1	#include <iostream>
    2	#include "Student.h"
    3	#include <string>
    4	using namespace std;
    5	
    6	Student::Student()
    7	{
    8	    name = "";
    9	    id = 0;
   10	    scores = nullptr;
   11	}
   12	
   13	Student::Student(string name, int id)
   14	{
   15	    this->name = name;
   16	    this->id = id;
   17	    createScoresArray();
   18	}
   19	
   20	
   21	Student::Student(const Student &obj) //double check this is copy constructor
   22	{
   23	    this->name = obj.name;
   24	    this->id = obj.id;
   25	    this->scores = new double[numScores];
   26	    for(int i = 0; i < numScores; i++)
   27	    {
   28	        this->scores[i] = obj.scores[i];
   29	    }
   30	    
   31	}
   32	
   33	
   34	void Student::createScoresArray()
   35	{   
   36	    this->scores = new double[numScores];
   37	    for (int i = 0; i < numScores; i++)
   38	    {
   39	        cout << "Please enter a score: " << endl;
   40	        cin >> this->scores[i];
   41	    }
   42	}
   43	
   44	
   45	void Student::setStudent(string name, int id)
   46	{
   47	    this->name = name;
   48	    this->id = id;
   49	}
   50	
   51	
   52	void Student::displayInfo()
   53	{
   54	    cout << "=====================" << endl;
   55	    cout << "Name: " << this->name << endl;
   56	    cout << "ID: " << this->id << endl << "Scores: ";
   57	    for (int i = 0; i < numScores; i++)
   58	        cout << this->scores[i] << " ";
   59	    cout << endl << "=====================" << endl;
   60	}
   61	
   62	
   63	Student::~Student()
   64	{
   65	    delete [] scores;
   66	}
   67	
   68	
    1	/*
    2	Name: Drew Lickman c8055315
    3	Course: CSCI 2170-001 Dr. Xin Yang
    4	CLA Session: CLA16
    5	Due: Nov 12th 2021
    6	Description: Create 3 student objects of the Student class, and use different constructor types for each.
    7	*/
    8	
    9	#include "Student.h"
   10	using namespace std;
   11	
   12	int main()
   13	{
   14	    Student stu1;
   15	    stu1.setStudent("Bill Gates", 8294600);
   16	    stu1.createScoresArray();
   17	    stu1.displayInfo();
   18	
   19	    Student stu2("Ada Love", 8292600);
   20	    stu2.displayInfo();
   21	
   22	    Student stu3 = stu1;
   23	    stu3.displayInfo();
   24	    return 0;
   25	}
$ c[Kmake clean
rm -f mainALL *.o
$ make
g++ -std=c++11 -pedantic -g -c student_main.cpp
g++ -std=c++11 -pedantic -g -c Student.cpp
g++ -std=c++11 -pedantic -g student_main.o Student.o -o mainALL
$ mainALL
Please enter a score: 
76
Please enter a score: 
84
Please enter a score: 
85
=====================
Name: Bill Gates
ID: 8294600
Scores: 76 84 85 
=====================
Please enter a score: 
90
Please enter a score: 
98
Please enter a score: 
96
=====================
Name: Ada Love
ID: 8292600
Scores: 90 98 96 
=====================
=====================
Name: Bill Gates
ID: 8294600
Scores: 76 84 85 
=====================
$ exit
exit

Script done on Wed 03 Nov 2021 03:21:17 PM CDT
