Script started on Wed 20 Oct 2021 12:50:57 PM CDT
$ cat -n cla13a.lo[K[Kcc
     1	/*
     2	Author: Drew Lickman c8055315
     3	Professor: Dr. Yang
     4	Class: 2170-001
     5	Lab: CLA13: Programming Exercise 1)
     6	Due: 10/20/21
     7	Description: Input a user's information then output to console. Uses pointers.
     8	*/
     9	
    10	#include<iostream>
    11	#include<string>
    12	using namespace std;
    13	
    14	struct Student
    15	{
    16		string name;
    17		string email;
    18		int id;
    19	};
    20	
    21	void getStudentInfo(Student *studPtr)
    22	{
    23		cout << "Enter the student's name: ";
    24		getline(cin, studPtr->name);
    25		cout << "\nEnter the student's email: ";
    26		cin >> studPtr->email;
    27		cout << "\nEnter the student's id: ";
    28		cin >> studPtr->id;
    29		cout << endl;
    30	}
    31	
    32	void printStudentInfo(const Student *studPtr)
    33	{
    34		cout << "Student name: " << studPtr->name << endl;
    35		cout << "Student email: " << studPtr->email << endl;
    36		cout << "Student id: " << studPtr->id << endl;
    37	}
    38	
    39	int main()
    40	{
    41		Student stud;
    42		Student* studPtr = nullptr;
    43		studPtr = &stud;
    44		getStudentInfo(studPtr);
    45		printStudentInfo(studPtr);
    46	
    47		return 0;
    48	}
    49	
$ c++ cla13a.cc 
$ a.out
Enter the student's name: Bill Gates

Enter the student's email: Bill.Gates@mtsu.edu

Enter the student's id: 8294600

Student name: Bill Gates
Student email: Bill.Gates@mtsu.edu
Student id: 8294600
$ exit
exit

Script done on Wed 20 Oct 2021 12:51:45 PM CDT
