Script started on Mon 30 Aug 2021 02:32:37 PM CDT
$ pr -n -t -e4 cla2c.cpp
    1	// cla2c BY student name,  CSCI 2170-sec, Due: mm/dd/yyyy
    2	// PROGRAM ID:  cla2c.cpp / Average of three test scores
    3	// AUTHOR:  student name
    4	// INSTALLATION:  MTSU
    5	// REMARKS:  This program is supposed to determine the average
    6	//           of three test scores.  However, it contains several
    7	//           errors.  Look at the comments in the program to
    8	//           determine the errors.
    9	//            Here is our first error.  This comment is missing a slash.
   10	
   11	#include <iostream>              //the 3 needs to be a pound symbol (#)
   12	
   13	using namespace std;
   14	
   15	int main() 
   16	{
   17	    // Variable declarations... 
   18	    int test1;             //int is needed instead of the word integer
   19	    int test2, test3; 
   20	    float average;              //float is needed instead of the word real
   21	
   22	    // Read in the three test scores
   23	    cout << "Enter the first test score:  "; 
   24	    cin >> test1;            //the double slash before cin needs to be removed.
   25	    cout << "Enter the second test score:  "; 
   26	    cin >> test2;           
   27	    cout << "Enter the third test score:  "; 
   28	    cin >> test3;               //tst3 needs to be replaced by test3          
   29	
   30	    // calculate the average of the test scores
   31	    average = (test1 + test2 + test3)/3;     //there needs to be a semicolon after the 3
   32	
   33	    // Display the results
   34	    cout << "The average of the three scores is:  "; 
   35	    cout << average;                //cin needs to be changed to cout
   36	    cout << endl; 
   37	
   38	    return 0; 
   39	} 
$ c++ cla2c.cpp -o cla2c
$ cla2c
Enter the first test score:  90
Enter the second test score:  80
Enter the third test score:  65
The average of the three scores is:  78
$ exit
exit

Script done on Mon 30 Aug 2021 02:33:23 PM CDT
